<?xml version="1.0" encoding="UTF-8"?>
<testsuite name="MainTest" tests="1" skipped="0" failures="0" errors="0" timestamp="2022-10-05T15:02:28" hostname="Kates-MBP.wit.ie" time="0.02">
  <properties/>
  <testcase name="testOrderAndBoundaries()" classname="MainTest" time="0.02"/>
  <system-out><![CDATA[]]></system-out>
  <system-err><![CDATA[]]></system-err>
</testsuite>
